<?xml version="1.0" encoding="UTF-8"?>
<!-- Generated by org.testng.reporters.JUnitReportReporter -->
<testsuite hostname="DESKTOP-LEBJII3" failures="0" tests="3" name="testng1.NewTest7" time="0.066" errors="0" timestamp="2025-08-11T11:50:04 IST" skipped="0">
  <testcase classname="testng1.NewTest7" name="test" time="0.041"/>
  <testcase classname="testng1.NewTest7" name="checkPromotions" time="0.012"/>
  <testcase classname="testng1.NewTest7" name="checkAccountDetails" time="0.013"/>
</testsuite> <!-- testng1.NewTest7 -->
