<?xml version="1.0" encoding="UTF-8"?>
<!-- Generated by org.testng.reporters.JUnitReportReporter -->
<testsuite hostname="DESKTOP-LEBJII3" failures="0" tests="3" name="testng1.NewTest5" time="0.043" errors="0" timestamp="2025-08-08T11:55:13 IST" skipped="0">
  <testcase classname="testng1.NewTest5" name="login_Account" time="0.031"/>
  <testcase classname="testng1.NewTest5" name="checkDrafts" time="0.004"/>
  <testcase classname="testng1.NewTest5" name="checkMail" time="0.008"/>
</testsuite> <!-- testng1.NewTest5 -->
