<?xml version="1.0" encoding="UTF-8"?>
<!-- Generated by org.testng.reporters.JUnitXMLReporter -->
<testsuite ignored="0" hostname="DESKTOP-LEBJII3" failures="0" tests="3" name="Default test" time="0.33" errors="0" timestamp="2025-08-11T11:50:03 IST">
  <testcase classname="testng1.NewTest7" name="test" time="0.037"/>
  <testcase classname="testng1.NewTest7" name="checkPromotions" time="0.009"/>
  <testcase classname="testng1.NewTest7" name="checkAccountDetails" time="0.006"/>
</testsuite> <!-- Default test -->
