<?xml version="1.0" encoding="UTF-8"?>
<testng-results ignored="0" total="1" passed="1" failed="0" skipped="0">
  <reporter-output>
  </reporter-output>
  <suite started-at="2025-08-12T15:55:02 IST" name="parameter Suite" finished-at="2025-08-12T15:55:59 IST" duration-ms="56890">
    <groups>
    </groups>
    <test started-at="2025-08-12T15:55:02 IST" name="parameter Test" finished-at="2025-08-12T15:55:59 IST" duration-ms="56890">
      <class name="testng1.TestParameters">
        <test-method signature="testcase(java.lang.String,java.lang.String)[pri:0, instance:testng1.TestParameters@3a93b025]" started-at="2025-08-12T15:55:02 IST" name="testcase" finished-at="2025-08-12T15:55:59 IST" duration-ms="56705" status="PASS">
          <params>
            <param index="0">
              <value>
                <![CDATA[pramodh]]>
              </value>
            </param>
            <param index="1">
              <value>
                <![CDATA[Abcde12345$]]>
              </value>
            </param>
          </params>
          <reporter-output>
          </reporter-output>
        </test-method> <!-- testcase -->
      </class> <!-- testng1.TestParameters -->
    </test> <!-- parameter Test -->
  </suite> <!-- parameter Suite -->
</testng-results>
