<?xml version="1.0" encoding="UTF-8"?>
<!-- Generated by org.testng.reporters.JUnitXMLReporter -->
<testsuite ignored="0" hostname="DESKTOP-LEBJII3" failures="1" tests="8" name="sannityTest" time="0.217" errors="0" timestamp="2025-08-08T11:55:13 IST">
  <testcase classname="testng1.NewTest5" name="login_Account" time="0.031"/>
  <testcase classname="testng1.NewTest5" name="checkMail" time="0.008"/>
  <testcase classname="testng1.NewTest5" name="checkDrafts" time="0.004"/>
  <testcase classname="testng1.NewTest6" name="checkPromotions" time="0.003"/>
  <testcase classname="testng1.NewTest6" name="checkAccountDetails" time="0.002"/>
  <testcase classname="testng1.NewTest6" name="logout_Account" time="0.003"/>
  <testcase classname="testng1.NewTest6" name="composeMail" time="0.013">
    <failure type="java.lang.AssertionError" message="expected [OrangeHRM] but found [rangeHRM]">
      <![CDATA[java.lang.AssertionError: expected [OrangeHRM] but found [rangeHRM]
at testng1.NewTest6.composeMail(NewTest6.java:19)
at java.base/java.util.ArrayList.forEach(ArrayList.java:1596)
... Removed 31 stack frames]]>
    </failure>
  </testcase> <!-- composeMail -->
  <testcase classname="testng1.NewTest6" name="deleteMail" time="0.003"/>
</testsuite> <!-- sannityTest -->
