<?xml version="1.0" encoding="UTF-8"?>
<!-- Generated by org.testng.reporters.JUnitXMLReporter -->
<testsuite ignored="0" hostname="DESKTOP-LEBJII3" failures="1" tests="2" name="SmokeTest" time="56.081" errors="0" timestamp="2025-08-06T18:32:55 IST">
  <testcase classname="TestNg.NewTest1" name="verifytitleofwebpage" time="3.588"/>
  <testcase classname="TestNg.NewTest2" name="verifytitleofwebpage" time="2.769">
    <failure type="java.lang.AssertionError" message="expected [rangeHRM - New Level of HR Management] but found [OrangeHRM - New Level of HR Management]">
      <![CDATA[java.lang.AssertionError: expected [rangeHRM - New Level of HR Management] but found [OrangeHRM - New Level of HR Management]
at TestNg.NewTest2.verifytitleofwebpage(NewTest2.java:17)
at java.base/java.util.ArrayList.forEach(ArrayList.java:1596)
... Removed 31 stack frames]]>
    </failure>
  </testcase> <!-- verifytitleofwebpage -->
</testsuite> <!-- SmokeTest -->
