<?xml version="1.0" encoding="UTF-8"?>
<!-- Generated by org.testng.reporters.JUnitXMLReporter -->
<testsuite ignored="0" hostname="DESKTOP-LEBJII3" failures="1" tests="2" name="SmokwTest1" time="50.803" errors="0" timestamp="2025-08-06T18:43:27 IST">
  <testcase classname="testng1.NewTest4" name="f" time="3.094">
    <failure type="java.lang.AssertionError" message="expected [rangeHRM - New Level of HR Management] but found [OrangeHRM - New Level of HR Management]">
      <![CDATA[java.lang.AssertionError: expected [rangeHRM - New Level of HR Management] but found [OrangeHRM - New Level of HR Management]
at testng1.NewTest4.f(NewTest4.java:16)
at java.base/java.util.ArrayList.forEach(ArrayList.java:1596)
... Removed 31 stack frames]]>
    </failure>
  </testcase> <!-- f -->
  <testcase classname="testng1.NewTest3" name="f" time="2.546"/>
</testsuite> <!-- SmokwTest1 -->
