<?xml version="1.0" encoding="UTF-8"?>
<!-- Generated by org.testng.reporters.JUnitXMLReporter -->
<testsuite ignored="4" hostname="DESKTOP-LEBJII3" failures="0" tests="4" name="Smoketesting6" time="0.163" errors="0" timestamp="2025-08-08T11:25:35 IST">
  <testcase classname="testng1.NewTest5" name="login_Account" time="0.028"/>
  <testcase classname="testng1.NewTest5" name="checkMail" time="0.005"/>
  <testcase classname="testng1.NewTest6" name="composeMail" time="0.002"/>
  <testcase classname="testng1.NewTest6" name="deleteMail" time="0.004"/>
  <testcase classname="testng1.NewTest6" name="checkAccountDetails" time="0.0">
    <ignored/>
  </testcase> <!-- checkAccountDetails -->
  <testcase classname="testng1.NewTest6" name="checkPromotions" time="0.0">
    <ignored/>
  </testcase> <!-- checkPromotions -->
  <testcase classname="testng1.NewTest5" name="checkDrafts" time="0.0">
    <ignored/>
  </testcase> <!-- checkDrafts -->
  <testcase classname="testng1.NewTest6" name="logout_Account" time="0.0">
    <ignored/>
  </testcase> <!-- logout_Account -->
</testsuite> <!-- Smoketesting6 -->
