<?xml version="1.0" encoding="UTF-8"?>
<!-- Generated by org.testng.reporters.JUnitXMLReporter -->
<testsuite ignored="6" hostname="DESKTOP-LEBJII3" failures="0" tests="1" name="Testss" time="0.219" errors="0" timestamp="2025-08-11T12:04:44 IST">
  <testcase classname="testng1.NewTest8" name="composeMail" time="0.046"/>
  <testcase classname="testng1.NewTest8" name="deleteMail" time="0.0">
    <ignored/>
  </testcase> <!-- deleteMail -->
  <testcase classname="testng1.NewTest7" name="test" time="0.0">
    <ignored/>
  </testcase> <!-- test -->
  <testcase classname="testng1.NewTest7" name="checkAccountDetails" time="0.0">
    <ignored/>
  </testcase> <!-- checkAccountDetails -->
  <testcase classname="testng1.NewTest8" name="logout_Account" time="0.0">
    <ignored/>
  </testcase> <!-- logout_Account -->
  <testcase classname="testng1.NewTest7" name="checkPromotions" time="0.0">
    <ignored/>
  </testcase> <!-- checkPromotions -->
  <testcase classname="testng1.NewTest8" name="test8" time="0.0">
    <ignored/>
  </testcase> <!-- test8 -->
</testsuite> <!-- Testss -->
