<?xml version="1.0" encoding="UTF-8"?>
<!-- Generated by org.testng.reporters.JUnitXMLReporter -->
<testsuite ignored="4" hostname="DESKTOP-LEBJII3" failures="0" tests="1" name="sannityTest(failed)" time="0.12" errors="0" timestamp="2025-08-08T11:56:14 IST">
  <testcase classname="testng1.NewTest6" name="composeMail" time="0.019"/>
  <testcase classname="testng1.NewTest6" name="logout_Account" time="0.0">
    <ignored/>
  </testcase> <!-- logout_Account -->
  <testcase classname="testng1.NewTest6" name="deleteMail" time="0.0">
    <ignored/>
  </testcase> <!-- deleteMail -->
  <testcase classname="testng1.NewTest6" name="checkAccountDetails" time="0.0">
    <ignored/>
  </testcase> <!-- checkAccountDetails -->
  <testcase classname="testng1.NewTest6" name="checkPromotions" time="0.0">
    <ignored/>
  </testcase> <!-- checkPromotions -->
</testsuite> <!-- sannityTest(failed) -->
